2025-04-10 19:12:14,436 - INFO - === STARTING STEFAN ZWEIG BIBLIOGRAPHY ANALYSIS ===
2025-04-10 19:12:14,437 - INFO - Results will be saved to log file: zweig_analysis_20250410_1912.log
2025-04-10 19:12:14,437 - INFO - Found latest CSV file: zweig_extraction_progress_20250410_1817.csv
2025-04-10 19:12:14,448 - INFO - Successfully loaded 3166 entries with UTF-8 encoding
2025-04-10 19:12:14,452 - INFO - === BASIC STATISTICS ===
2025-04-10 19:12:14,452 - INFO - Total entries: 3166
2025-04-10 19:12:14,452 - INFO - Unique pages: 3166
2025-04-10 19:12:14,452 - INFO - Redirects: 881
2025-04-10 19:12:14,462 - INFO - Content length - Min: 17, Max: 1951, Avg: 409.90
2025-04-10 19:12:14,462 - INFO - BLOB distribution: {5: 844, 4: 711, 7: 528, 6: 304, 1: 282, 2: 180, 8: 162, 3: 155}
2025-04-10 19:12:14,462 - INFO - Flags distribution: {'utf-8': 3166}
2025-04-10 19:12:14,584 - INFO - === CONTENT TYPE ANALYSIS ===
2025-04-10 19:12:14,585 - INFO - Category: 2282 entries (72.08%)
2025-04-10 19:12:14,585 - INFO - Redirect: 881 entries (27.83%)
2025-04-10 19:12:14,585 - INFO - Translation: 1 entries (0.03%)
2025-04-10 19:12:14,585 - INFO - Unknown: 1 entries (0.03%)
2025-04-10 19:12:14,585 - INFO - Bibliography Entry: 1 entries (0.03%)
2025-04-10 19:12:15,090 - INFO - === BIBLIOGRAPHIC DATA EXTRACTION ===
2025-04-10 19:12:15,090 - INFO - Titles extracted: 12
2025-04-10 19:12:15,090 - INFO - Years extracted: 2145
2025-04-10 19:12:15,091 - INFO - Publishers extracted: 397
2025-04-10 19:12:15,091 - INFO - Locations extracted: 1119
2025-04-10 19:12:15,091 - INFO - Translators extracted: 794
2025-04-10 19:12:15,092 - INFO - Page counts extracted: 543
2025-04-10 19:12:15,092 - INFO - Languages explicitly mentioned: 116
2025-04-10 19:12:15,092 - INFO - === SAMPLE ENTRIES ===
2025-04-10 19:12:15,093 - INFO - - Title: \'\'\'See:\'\'\' [[Angst. Novelle (VIST)]]\n\n[[Category:Fiction / Individual Stories (German)]]
2025-04-10 19:12:15,093 - INFO - 
2025-04-10 19:12:15,093 - INFO - - Title: See: [[Kiser, John W.]]\n\n\n[[Category:Secondary Literature / Authors (Italian)]]
2025-04-10 19:12:15,093 - INFO - 
2025-04-10 19:12:15,093 - INFO - - Title: \'\'\'See:\'\'\' [[Jaspers, Anke]]\n\n\n[[Category:Secondary Literature / Authors (German)]]
2025-04-10 19:12:15,093 - INFO - 
2025-04-10 19:12:15,094 - INFO - - Title: \'\'\'See:\'\'\' [[Im Schnee (VIST)]]\n\n[[Category:Fiction / Individual Stories (German)]]
2025-04-10 19:12:15,094 - INFO - 
2025-04-10 19:12:15,094 - INFO - - Title: \"Buchmendel\". See: [[Book-Mendel]]\n\n[[Category:Fiction / Individual Stories (English)]]
2025-04-10 19:12:15,094 - INFO - 
2025-04-10 19:12:15,454 - INFO - === LANGUAGE DISTRIBUTION ===
2025-04-10 19:12:15,454 - INFO - Unknown: 1487 entries (46.97%)
2025-04-10 19:12:15,454 - INFO - German: 669 entries (21.13%)
2025-04-10 19:12:15,454 - INFO - French: 242 entries (7.64%)
2025-04-10 19:12:15,454 - INFO - Chinese: 221 entries (6.98%)
2025-04-10 19:12:15,454 - INFO - Spanish: 166 entries (5.24%)
2025-04-10 19:12:15,454 - INFO - English: 136 entries (4.30%)
2025-04-10 19:12:15,454 - INFO - translation: 101 entries (3.19%)
2025-04-10 19:12:15,454 - INFO - Arabic: 60 entries (1.90%)
2025-04-10 19:12:15,455 - INFO - Russian: 27 entries (0.85%)
2025-04-10 19:12:15,455 - INFO - version: 21 entries (0.66%)
2025-04-10 19:12:15,455 - INFO - Italian: 20 entries (0.63%)
2025-04-10 19:12:15,455 - INFO - in English: 12 entries (0.38%)
2025-04-10 19:12:15,455 - INFO - edition: 2 entries (0.06%)
2025-04-10 19:12:15,455 - INFO - In English: 2 entries (0.06%)
2025-04-10 19:12:16,310 - INFO - === REFERENCES TO MAJOR WORKS ===
2025-04-10 19:12:16,310 - INFO - Schachnovelle: 154 references
2025-04-10 19:12:16,310 - INFO - Angst: 140 references
2025-04-10 19:12:16,311 - INFO - Brief einer Unbekannten: 116 references
2025-04-10 19:12:16,311 - INFO - Brennendes Geheimnis: 75 references
2025-04-10 19:12:16,311 - INFO - Magellan: 75 references
2025-04-10 19:12:16,311 - INFO - Amok: 74 references
2025-04-10 19:12:16,311 - INFO - Die Welt von Gestern: 71 references
2025-04-10 19:12:16,311 - INFO - Sternstunden der Menschheit: 48 references
2025-04-10 19:12:16,311 - INFO - Erasmus von Rotterdam: 47 references
2025-04-10 19:12:16,311 - INFO - Ungeduld des Herzens: 45 references
2025-04-10 19:12:16,311 - INFO - Drei Meister: 22 references
2025-04-10 19:12:16,312 - INFO - Clarissa: 22 references
2025-04-10 19:12:16,312 - INFO - Rausch der Verwandlung: 20 references
2025-04-10 19:12:16,312 - INFO - Marie Antoinette: 18 references
2025-04-10 19:12:16,312 - INFO - Verwirrung der Gefühle: 14 references
2025-04-10 19:12:16,312 - INFO - Maria Stuart: 11 references
2025-04-10 19:12:16,312 - INFO - Joseph Fouché: 3 references
2025-04-10 19:12:16,332 - INFO - === PUBLICATION TIMELINE ===
2025-04-10 19:12:16,332 - INFO - Years mentioned: 148 distinct years
2025-04-10 19:12:16,332 - INFO - Most frequently mentioned years:
2025-04-10 19:12:16,332 - INFO - 2013: 194 mentions
2025-04-10 19:12:16,332 - INFO - 1998: 187 mentions
2025-04-10 19:12:16,333 - INFO - 2017: 181 mentions
2025-04-10 19:12:16,333 - INFO - 2000: 155 mentions
2025-04-10 19:12:16,333 - INFO - 1942: 146 mentions
2025-04-10 19:12:16,333 - INFO - 2018: 122 mentions
2025-04-10 19:12:16,333 - INFO - 2019: 119 mentions
2025-04-10 19:12:16,333 - INFO - 2016: 116 mentions
2025-04-10 19:12:16,333 - INFO - 1952: 114 mentions
2025-04-10 19:12:16,333 - INFO - 2014: 97 mentions
2025-04-10 19:12:16,333 - INFO - Mentions during Zweig's lifetime (1881-1942): 1843 (28.51%)
2025-04-10 19:12:16,333 - INFO - Mentions after Zweig's death: 4622 (71.49%)
2025-04-10 19:12:16,338 - INFO - === CATEGORY STRUCTURE ===
2025-04-10 19:12:16,338 - INFO - Unique categories: 341
2025-04-10 19:12:16,339 - INFO - Most common categories:
2025-04-10 19:12:16,339 - INFO - Secondary Literature / Authors (German): 272 entries
2025-04-10 19:12:16,339 - INFO - Essays / Individual Essays (German): 156 entries
2025-04-10 19:12:16,339 - INFO - Essays / Individual Essays (Spanish): 103 entries
2025-04-10 19:12:16,339 - INFO - Secondary Literature / Authors (French): 97 entries
2025-04-10 19:12:16,339 - INFO - Secondary Literature / Authors (English): 94 entries
2025-04-10 19:12:16,339 - INFO - Secondary Literature / Authors (Arabic): 73 entries
2025-04-10 19:12:16,339 - INFO - Essays / Individual Essays (Chinese): 71 entries
2025-04-10 19:12:16,339 - INFO - Essays / Individual Essays (French): 62 entries
2025-04-10 19:12:16,339 - INFO - Poetry / Individual Poems (German): 56 entries
2025-04-10 19:12:16,340 - INFO - Poetry / Individual Poems (Chinese): 49 entries
2025-04-10 19:12:16,340 - INFO - Films / Plays / Operas: 47 entries
2025-04-10 19:12:16,340 - INFO - Fiction / Individual Stories (French): 45 entries
2025-04-10 19:12:16,340 - INFO - Fiction / Individual Stories (Chinese): 36 entries
2025-04-10 19:12:16,340 - INFO - Secondary Literature / Titles (German): 35 entries
2025-04-10 19:12:16,340 - INFO - Fiction / Volumes (German): 33 entries
2025-04-10 19:12:16,340 - INFO - Main category branches:
2025-04-10 19:12:16,340 - INFO - Poetry: 10 subcategories
2025-04-10 19:12:16,340 - INFO - Essays: 32 subcategories
2025-04-10 19:12:16,340 - INFO - Secondary Literature: 67 subcategories
2025-04-10 19:12:16,340 - INFO - Historical Studies: 61 subcategories
2025-04-10 19:12:16,341 - INFO - Symposia and Exhibitions: 0 subcategories
2025-04-10 19:12:16,341 - INFO - Symposia and: 0 subcategories
2025-04-10 19:12:16,341 - INFO - Films: 1 subcategories
2025-04-10 19:12:16,341 - INFO - Fiction: 103 subcategories
2025-04-10 19:12:16,341 - INFO - Dramas: 15 subcategories
2025-04-10 19:12:16,341 - INFO - Forewords and Afterwords: 0 subcategories
2025-04-10 19:12:16,341 - INFO - Correspondence: 12 subcategories
2025-04-10 19:12:16,341 - INFO - Translations by Zweig: 0 subcategories
2025-04-10 19:12:16,341 - INFO - Dramatic Readings: 0 subcategories
2025-04-10 19:12:16,341 - INFO - Collected and Selected Works: 0 subcategories
2025-04-10 19:12:16,341 - INFO - Collected and Selected Works in Translation (Chinese): 0 subcategories
2025-04-10 19:12:16,341 - INFO - Historical Studies (Chinese): 0 subcategories
2025-04-10 19:12:16,341 - INFO - Collected and Selected Works in Translation (Hindi): 0 subcategories
2025-04-10 19:12:16,342 - INFO - === GENERATING VISUALIZATIONS ===
2025-04-10 19:12:16,674 - INFO - Created visualization: content_type_distribution.png
2025-04-10 19:12:17,028 - INFO - Created visualization: content_length_distribution.png
2025-04-10 19:12:17,069 - INFO - Using categorical units to plot a list of strings that are all parsable as floats or dates. If these strings should be plotted as numbers, cast to the appropriate data type before plotting.
2025-04-10 19:12:17,069 - INFO - Using categorical units to plot a list of strings that are all parsable as floats or dates. If these strings should be plotted as numbers, cast to the appropriate data type before plotting.
2025-04-10 19:12:17,319 - INFO - Created visualization: blob_distribution.png
2025-04-10 19:12:18,065 - INFO - Created visualization: language_distribution.png
2025-04-10 19:12:18,656 - INFO - Created visualization: publication_timeline.png
2025-04-10 19:12:19,016 - INFO - Created visualization: publication_by_decade.png
2025-04-10 19:12:19,402 - INFO - Created visualization: major_works_references.png
2025-04-10 19:12:19,849 - INFO - Created visualization: top_categories.png
2025-04-10 19:12:20,254 - INFO - Created visualization: category_branches.png
2025-04-10 19:12:20,254 - INFO - Visualizations saved to: bibliography_analysis
2025-04-10 19:12:20,255 - INFO - Analysis summary saved to: bibliography_analysis\analysis_summary.json
2025-04-10 19:12:20,255 - INFO - HTML report saved to: bibliography_analysis\zweig_bibliography_report.html
2025-04-10 19:12:20,255 - INFO - === ANALYSIS COMPLETE ===
2025-04-10 19:12:20,255 - INFO - Log file: zweig_analysis_20250410_1912.log
2025-04-10 19:12:20,255 - INFO - Visualizations and report: bibliography_analysis
