2025-04-10 18:26:59,081 - INFO - === STARTING STEFAN ZWEIG BIBLIOGRAPHY ANALYSIS ===
2025-04-10 18:26:59,081 - INFO - Results will be saved to log file: zweig_analysis_20250410_1826.log
2025-04-10 18:26:59,082 - INFO - Found latest CSV file: zweig_extraction_progress_20250410_1817.csv
2025-04-10 18:26:59,100 - INFO - Successfully loaded 3166 entries with UTF-8 encoding
2025-04-10 18:26:59,106 - INFO - === BASIC STATISTICS ===
2025-04-10 18:26:59,106 - INFO - Total entries: 3166
2025-04-10 18:26:59,106 - INFO - Unique pages: 3166
2025-04-10 18:26:59,106 - INFO - Redirects: 881
2025-04-10 18:26:59,106 - INFO - Content length - Min: 17, Max: 1951, Avg: 409.90
2025-04-10 18:26:59,106 - INFO - BLOB distribution: {5: 844, 4: 711, 7: 528, 6: 304, 1: 282, 2: 180, 8: 162, 3: 155}
2025-04-10 18:26:59,106 - INFO - Flags distribution: {'utf-8': 3166}
2025-04-10 18:26:59,161 - INFO - === CONTENT TYPE ANALYSIS ===
2025-04-10 18:26:59,161 - INFO - Category: 2282 entries (72.08%)
2025-04-10 18:26:59,161 - INFO - Redirect: 881 entries (27.83%)
2025-04-10 18:26:59,161 - INFO - Translation: 1 entries (0.03%)
2025-04-10 18:26:59,161 - INFO - Unknown: 1 entries (0.03%)
2025-04-10 18:26:59,161 - INFO - Bibliography Entry: 1 entries (0.03%)
2025-04-10 18:26:59,352 - INFO - === BIBLIOGRAPHIC DATA EXTRACTION ===
2025-04-10 18:26:59,353 - INFO - Titles extracted: 0
2025-04-10 18:26:59,353 - INFO - Years extracted: 2145
2025-04-10 18:26:59,353 - INFO - Publishers extracted: 241
2025-04-10 18:26:59,355 - INFO - Locations extracted: 945
2025-04-10 18:26:59,355 - INFO - Translators extracted: 778
2025-04-10 18:26:59,355 - INFO - Page counts extracted: 537
2025-04-10 18:26:59,355 - INFO - === SAMPLE ENTRIES ===
2025-04-10 18:26:59,491 - INFO - === LANGUAGE DISTRIBUTION ===
2025-04-10 18:26:59,491 - INFO - Unknown: 1524 entries (48.14%)
2025-04-10 18:26:59,491 - INFO - German: 796 entries (25.14%)
2025-04-10 18:26:59,491 - INFO - French: 258 entries (8.15%)
2025-04-10 18:26:59,491 - INFO - Spanish: 202 entries (6.38%)
2025-04-10 18:26:59,491 - INFO - English: 186 entries (5.87%)
2025-04-10 18:26:59,491 - INFO - Arabic: 92 entries (2.91%)
2025-04-10 18:26:59,492 - INFO - Italian: 83 entries (2.62%)
2025-04-10 18:26:59,492 - INFO - Russian: 25 entries (0.79%)
2025-04-10 18:26:59,779 - INFO - === REFERENCES TO MAJOR WORKS ===
2025-04-10 18:26:59,779 - INFO - Schachnovelle: 136 references
2025-04-10 18:26:59,779 - INFO - Brief einer Unbekannten: 100 references
2025-04-10 18:26:59,779 - INFO - Amok: 74 references
2025-04-10 18:26:59,780 - INFO - Magellan: 72 references
2025-04-10 18:26:59,780 - INFO - Brennendes Geheimnis: 67 references
2025-04-10 18:26:59,780 - INFO - Angst: 52 references
2025-04-10 18:26:59,780 - INFO - Die Welt von Gestern: 51 references
2025-04-10 18:26:59,780 - INFO - Sternstunden der Menschheit: 45 references
2025-04-10 18:26:59,780 - INFO - Ungeduld des Herzens: 37 references
2025-04-10 18:26:59,780 - INFO - Clarissa: 22 references
2025-04-10 18:26:59,780 - INFO - Drei Meister: 21 references
2025-04-10 18:26:59,780 - INFO - Rausch der Verwandlung: 20 references
2025-04-10 18:26:59,781 - INFO - Erasmus von Rotterdam: 19 references
2025-04-10 18:26:59,781 - INFO - Marie Antoinette: 15 references
2025-04-10 18:26:59,781 - INFO - Maria Stuart: 9 references
2025-04-10 18:26:59,800 - INFO - === PUBLICATION TIMELINE ===
2025-04-10 18:26:59,801 - INFO - Years mentioned: 148 distinct years
2025-04-10 18:26:59,801 - INFO - Most frequently mentioned years:
2025-04-10 18:26:59,801 - INFO - 2013: 194 mentions
2025-04-10 18:26:59,801 - INFO - 1998: 187 mentions
2025-04-10 18:26:59,801 - INFO - 2017: 181 mentions
2025-04-10 18:26:59,801 - INFO - 2000: 155 mentions
2025-04-10 18:26:59,801 - INFO - 1942: 146 mentions
2025-04-10 18:26:59,801 - INFO - 2018: 122 mentions
2025-04-10 18:26:59,801 - INFO - 2019: 119 mentions
2025-04-10 18:26:59,801 - INFO - 2016: 116 mentions
2025-04-10 18:26:59,801 - INFO - 1952: 114 mentions
2025-04-10 18:26:59,802 - INFO - 2014: 97 mentions
2025-04-10 18:26:59,802 - INFO - Mentions during Zweig's lifetime (1881-1942): 1843 (28.51%)
2025-04-10 18:26:59,802 - INFO - Mentions after Zweig's death: 4622 (71.49%)
2025-04-10 18:26:59,807 - INFO - === CATEGORY STRUCTURE ===
2025-04-10 18:26:59,807 - INFO - Unique categories: 341
2025-04-10 18:26:59,807 - INFO - Most common categories:
2025-04-10 18:26:59,808 - INFO - Secondary Literature / Authors (German): 272 entries
2025-04-10 18:26:59,808 - INFO - Essays / Individual Essays (German): 156 entries
2025-04-10 18:26:59,808 - INFO - Essays / Individual Essays (Spanish): 103 entries
2025-04-10 18:26:59,808 - INFO - Secondary Literature / Authors (French): 97 entries
2025-04-10 18:26:59,808 - INFO - Secondary Literature / Authors (English): 94 entries
2025-04-10 18:26:59,808 - INFO - Secondary Literature / Authors (Arabic): 73 entries
2025-04-10 18:26:59,808 - INFO - Essays / Individual Essays (Chinese): 71 entries
2025-04-10 18:26:59,808 - INFO - Essays / Individual Essays (French): 62 entries
2025-04-10 18:26:59,808 - INFO - Poetry / Individual Poems (German): 56 entries
2025-04-10 18:26:59,808 - INFO - Poetry / Individual Poems (Chinese): 49 entries
2025-04-10 18:26:59,809 - INFO - Films / Plays / Operas: 47 entries
2025-04-10 18:26:59,809 - INFO - Fiction / Individual Stories (French): 45 entries
2025-04-10 18:26:59,809 - INFO - Fiction / Individual Stories (Chinese): 36 entries
2025-04-10 18:26:59,809 - INFO - Secondary Literature / Titles (German): 35 entries
2025-04-10 18:26:59,809 - INFO - Fiction / Volumes (German): 33 entries
2025-04-10 18:26:59,809 - INFO - Main category branches:
2025-04-10 18:26:59,809 - INFO - Poetry: 10 subcategories
2025-04-10 18:26:59,809 - INFO - Essays: 32 subcategories
2025-04-10 18:26:59,809 - INFO - Secondary Literature: 67 subcategories
2025-04-10 18:26:59,809 - INFO - Historical Studies: 61 subcategories
2025-04-10 18:26:59,809 - INFO - Symposia and Exhibitions: 0 subcategories
2025-04-10 18:26:59,810 - INFO - Symposia and: 0 subcategories
2025-04-10 18:26:59,810 - INFO - Films: 1 subcategories
2025-04-10 18:26:59,810 - INFO - Fiction: 103 subcategories
2025-04-10 18:26:59,810 - INFO - Dramas: 15 subcategories
2025-04-10 18:26:59,810 - INFO - Forewords and Afterwords: 0 subcategories
2025-04-10 18:26:59,810 - INFO - Correspondence: 12 subcategories
2025-04-10 18:26:59,810 - INFO - Translations by Zweig: 0 subcategories
2025-04-10 18:26:59,810 - INFO - Dramatic Readings: 0 subcategories
2025-04-10 18:26:59,810 - INFO - Collected and Selected Works: 0 subcategories
2025-04-10 18:26:59,811 - INFO - Collected and Selected Works in Translation (Chinese): 0 subcategories
2025-04-10 18:26:59,811 - INFO - Historical Studies (Chinese): 0 subcategories
2025-04-10 18:26:59,811 - INFO - Collected and Selected Works in Translation (Hindi): 0 subcategories
2025-04-10 18:26:59,811 - INFO - === GENERATING VISUALIZATIONS ===
2025-04-10 18:27:00,144 - INFO - Created visualization: content_type_distribution.png
2025-04-10 18:27:00,280 - INFO - Created visualization: content_length_distribution.png
2025-04-10 18:27:00,373 - INFO - Created visualization: blob_distribution.png
2025-04-10 18:27:00,457 - INFO - Created visualization: language_distribution.png
2025-04-10 18:27:00,658 - INFO - Created visualization: publication_timeline.png
2025-04-10 18:27:00,781 - INFO - Created visualization: major_works_references.png
2025-04-10 18:27:00,941 - INFO - Created visualization: top_categories.png
2025-04-10 18:27:00,941 - INFO - Visualizations saved to: bibliography_analysis
