2025-04-10 18:51:46,410 - INFO - === STARTING STEFAN ZWEIG BIBLIOGRAPHY ANALYSIS ===
2025-04-10 18:51:46,410 - INFO - Results will be saved to log file: zweig_analysis_20250410_1851.log
2025-04-10 18:51:46,411 - INFO - Found latest CSV file: zweig_extraction_progress_20250410_1817.csv
2025-04-10 18:51:46,423 - INFO - Successfully loaded 3166 entries with UTF-8 encoding
2025-04-10 18:51:46,427 - INFO - === BASIC STATISTICS ===
2025-04-10 18:51:46,427 - INFO - Total entries: 3166
2025-04-10 18:51:46,427 - INFO - Unique pages: 3166
2025-04-10 18:51:46,428 - INFO - Redirects: 881
2025-04-10 18:51:46,428 - INFO - Content length - Min: 17, Max: 1951, Avg: 409.90
2025-04-10 18:51:46,428 - INFO - BLOB distribution: {5: 844, 4: 711, 7: 528, 6: 304, 1: 282, 2: 180, 8: 162, 3: 155}
2025-04-10 18:51:46,428 - INFO - Flags distribution: {'utf-8': 3166}
2025-04-10 18:51:46,553 - INFO - === CONTENT TYPE ANALYSIS ===
2025-04-10 18:51:46,553 - INFO - Category: 2282 entries (72.08%)
2025-04-10 18:51:46,553 - INFO - Redirect: 881 entries (27.83%)
2025-04-10 18:51:46,553 - INFO - Translation: 1 entries (0.03%)
2025-04-10 18:51:46,553 - INFO - Unknown: 1 entries (0.03%)
2025-04-10 18:51:46,554 - INFO - Bibliography Entry: 1 entries (0.03%)
2025-04-10 18:51:47,062 - INFO - === BIBLIOGRAPHIC DATA EXTRACTION ===
2025-04-10 18:51:47,063 - INFO - Titles extracted: 12
2025-04-10 18:51:47,063 - INFO - Years extracted: 2145
2025-04-10 18:51:47,063 - INFO - Publishers extracted: 397
2025-04-10 18:51:47,064 - INFO - Locations extracted: 1119
2025-04-10 18:51:47,064 - INFO - Translators extracted: 794
2025-04-10 18:51:47,064 - INFO - Page counts extracted: 543
2025-04-10 18:51:47,065 - INFO - Languages explicitly mentioned: 116
2025-04-10 18:51:47,065 - INFO - === SAMPLE ENTRIES ===
2025-04-10 18:51:47,066 - INFO - - Title: \"Buchmendel\". See: [[Book-Mendel]]\n\n[[Category:Fiction / Individual Stories (English)]]
2025-04-10 18:51:47,066 - INFO - 
2025-04-10 18:51:47,066 - INFO - - Title: \'\'Farewell to Europe\'\'. See: [[Vor der Morgenröte]]\n\n\n[[Category:Films / Plays / Operas]]
2025-04-10 18:51:47,067 - INFO - 
2025-04-10 18:51:47,067 - INFO - - Title: \'\'\'See:\'\'\' [[Jaspers, Anke]]\n\n\n[[Category:Secondary Literature / Authors (German)]]
2025-04-10 18:51:47,067 - INFO - 
2025-04-10 18:51:47,067 - INFO - - Title: \'\'\'See:\'\'\' [[Im Schnee (VIST)]]\n\n[[Category:Fiction / Individual Stories (German)]]
2025-04-10 18:51:47,067 - INFO - 
2025-04-10 18:51:47,067 - INFO - - Title: \n[[Category:Films / Plays / Operas]]
2025-04-10 18:51:47,067 - INFO - 
